<?xml version="1.0" encoding="UTF-8"?>
<!-- Generated by org.testng.reporters.JUnitReportReporter -->
<testsuite hostname="DESKTOP-4UCVQ03" failures="0" tests="1" name="testNgBasics.TC_Loans_101" time="0.019" errors="0" timestamp="2022-01-27T14:35:52 IST" skipped="0">
  <testcase classname="testNgBasics.TC_Loans_101" name="deleteLoan" time="0.019"/>
  <system-out>
We are learning how to add logs in reports  </system-out>
</testsuite> <!-- testNgBasics.TC_Loans_101 -->
